"../../../../../TV/Content/FirstPerson/Character/Mesh/SK_Mannequin_Arms_Skeleton.uasset" 0
"../../../../../TV/Content/FirstPerson/Animations/FirstPerson_Idle.uasset" 1
"../../../../../TV/Content/FirstPerson/Animations/FirstPerson_JumpEnd.uasset" 2
"../../../../../TV/Content/FirstPerson/Animations/FirstPerson_JumpLoop.uasset" 3
"../../../../../TV/Content/FirstPerson/Animations/FirstPerson_JumpStart.uasset" 4
"../../../../../TV/Content/FirstPerson/Animations/FirstPerson_Run.uasset" 5
"../../../Engine/Content/EditorBlueprintResources/StandardMacros.uasset" 6
"../../../../../TV/Content/FirstPerson/Animations/FirstPerson_AnimBP.uasset" 7
"../../../../../TV/Content/FirstPerson/Animations/FirstPerson_Fire.uasset" 8
"../../../../../TV/Content/FirstPerson/Animations/FirstPersonFire_Montage.uasset" 9
"../../../../../TV/Content/FirstPerson/Meshes/BaseMaterial.uasset" 10
"../../../../../TV/Content/FirstPerson/Meshes/FirstPersonProjectileMaterial.uasset" 11
"../../../../../TV/Content/FirstPerson/Meshes/FirstPersonProjectileMesh.uasset" 12
"../../../../../TV/Content/FirstPersonBP/Blueprints/FirstPersonProjectile.uasset" 13
"../../../../../TV/Content/FirstPerson/Audio/FirstPersonTemplateWeaponFire02.uasset" 14
"../../../Engine/Content/Functions/Engine_MaterialFunctions02/Utility/BlendAngleCorrectedNormals.uasset" 15
"../../../Engine/Content/Functions/MaterialLayerFunctions/MatLayerBlend_NormalBlend.uasset" 16
"../../../Engine/Content/Functions/MaterialLayerFunctions/MatLayerBlend_Simple.uasset" 17
"../../../../../TV/Content/FirstPerson/Character/Materials/MaterialLayers/T_ML_Rubber_Blue_01_D.uasset" 18
"../../../../../TV/Content/FirstPerson/Character/Materials/MaterialLayers/T_ML_Rubber_Blue_01_N.uasset" 19
"../../../../../TV/Content/FirstPerson/Character/Materials/MaterialLayers/ML_GlossyBlack_Latex_UE4.uasset" 20
"../../../../../TV/Content/FirstPerson/Character/Materials/MaterialLayers/ML_Plastic_Shiny_Beige.uasset" 21
"../../../../../TV/Content/FirstPerson/Character/Textures/UE4_LOGO_CARD.uasset" 22
"../../../../../TV/Content/FirstPerson/Character/Materials/MaterialLayers/ML_Plastic_Shiny_Beige_LOGO.uasset" 23
"../../../../../TV/Content/FirstPerson/Character/Materials/MaterialLayers/T_ML_Aluminum01.uasset" 24
"../../../../../TV/Content/FirstPerson/Character/Materials/MaterialLayers/T_ML_Aluminum01_N.uasset" 25
"../../../../../TV/Content/FirstPerson/Character/Materials/MaterialLayers/ML_SoftMetal_UE4.uasset" 26
"../../../../../TV/Content/FirstPerson/Character/Textures/UE4_Mannequin__normals.uasset" 27
"../../../../../TV/Content/FirstPerson/Character/Textures/UE4_Mannequin_MAT_MASKA.uasset" 28
"../../../../../TV/Content/FirstPerson/Character/Materials/M_UE4Man_Body.uasset" 29
"../../../../../TV/Content/FirstPerson/Character/Mesh/SK_Mannequin_Arms_PhysicsAsset.uasset" 30
"../../../../../TV/Content/FirstPerson/Character/Mesh/SK_Mannequin_Arms.uasset" 31
"../../../../../TV/Content/FirstPerson/FPWeapon/Materials/MaterialLayers/T_ML_Rubber_Blue_01_D.uasset" 32
"../../../../../TV/Content/FirstPerson/FPWeapon/Materials/MaterialLayers/T_ML_Rubber_Blue_01_N.uasset" 33
"../../../../../TV/Content/FirstPerson/FPWeapon/Materials/MaterialLayers/ML_GlossyBlack_Latex_UE4.uasset" 34
"../../../../../TV/Content/FirstPerson/FPWeapon/Materials/MaterialLayers/ML_Plastic_Shiny_Beige.uasset" 35
"../../../../../TV/Content/FirstPerson/FPWeapon/Materials/MaterialLayers/ML_Screen.uasset" 36
"../../../../../TV/Content/FirstPerson/FPWeapon/Materials/MaterialLayers/T_ML_Aluminum01.uasset" 37
"../../../../../TV/Content/FirstPerson/FPWeapon/Materials/MaterialLayers/T_ML_Aluminum01_N.uasset" 38
"../../../../../TV/Content/FirstPerson/FPWeapon/Materials/MaterialLayers/ML_SoftMetal_UE4.uasset" 39
"../../../../../TV/Content/FirstPerson/FPWeapon/Textures/T_FPGun_M.uasset" 40
"../../../../../TV/Content/FirstPerson/FPWeapon/Textures/T_FPGun_N.uasset" 41
"../../../../../TV/Content/FirstPerson/FPWeapon/Materials/M_FPGun.uasset" 42
"../../../../../TV/Content/FirstPerson/FPWeapon/Mesh/SK_FPGun_Skeleton.uasset" 43
"../../../../../TV/Content/FirstPerson/FPWeapon/Mesh/SK_FPGun.uasset" 44
"../../../../../TV/Content/FirstPersonBP/Blueprints/FirstPersonCharacter.uasset" 45
"../../../../../TV/Content/FirstPerson/Textures/FirstPersonCrosshair.uasset" 46
"../../../../../TV/Content/FirstPersonBP/Blueprints/FirstPersonHUD.uasset" 47
"../../../../../TV/Content/FirstPersonBP/Blueprints/FirstPersonGameMode.uasset" 48
"../../../Engine/Content/Animation/DefaultAnimCurveCompressionSettings.uasset" 49
"../../../Engine/Content/Functions/Engine_MaterialFunctions01/Opacity/CameraDepthFade.uasset" 50
"../../../Engine/Content/EngineMaterials/T_Default_Material_Grid_M.uasset" 51
"../../../Engine/Content/EngineMaterials/T_Default_Material_Grid_N.uasset" 52
"../../../Engine/Content/EngineMaterials/WorldGridMaterial.uasset" 53
"../../../Engine/Content/ArtTools/RenderToTexture/Meshes/S_1_Unit_Plane.uasset" 54
"../../../Engine/Content/EngineMaterials/DefaultMaterial.uasset" 55
"../../../Engine/Content/BasicShapes/Cone.uasset" 56
"../../../Engine/Content/BasicShapes/Cube.uasset" 57
"../../../Engine/Content/BasicShapes/Cylinder.uasset" 58
"../../../Engine/Content/BasicShapes/Sphere.uasset" 59
"../../../Engine/Content/EditorLandscapeResources/DataLayer.uasset" 60
"../../../Engine/Content/EditorMaterials/GizmoMaterial.uasset" 61
"../../../Engine/Content/EditorMaterials/MAT_Groups_Toggle.uasset" 62
"../../../Engine/Content/EditorMaterials/MAT_Groups_Visibility.uasset" 63
"../../../Engine/Content/EditorMaterials/PreviewShadowIndicator.uasset" 64
"../../../Engine/Content/EditorMaterials/PreviewShadowIndicatorMaterial.uasset" 65
"../../../Engine/Content/EditorMaterials/MatineeGroups/MAT_ColorTrack.uasset" 66
"../../../Engine/Content/EditorMaterials/MatineeGroups/MAT_Groups_Anim.uasset" 67
"../../../Engine/Content/EditorMaterials/MatineeGroups/MAT_Groups_AudioMaster.uasset" 68
"../../../Engine/Content/EditorMaterials/MatineeGroups/MAT_Groups_Director.uasset" 69
"../../../Engine/Content/EditorMaterials/MatineeGroups/MAT_Groups_Event.uasset" 70
"../../../Engine/Content/EditorMaterials/MatineeGroups/MAT_Groups_Fade.uasset" 71
"../../../Engine/Content/EditorMaterials/MatineeGroups/MAT_Groups_Float.uasset" 72
"../../../Engine/Content/EditorMaterials/MatineeGroups/MAT_Groups_Move.uasset" 73
"../../../Engine/Content/EditorMaterials/MatineeGroups/MAT_Groups_Slomo.uasset" 74
"../../../Engine/Content/EditorMaterials/MatineeGroups/MAT_Groups_Sound.uasset" 75
"../../../Engine/Content/EditorMaterials/MatineeGroups/MAT_Groups_Vector.uasset" 76
"../../../Engine/Content/EditorMaterials/ParticleSystems/PSysThumbnail_NoImage.uasset" 77
"../../../Engine/Content/EditorMaterials/ParticleSystems/PSysThumbnail_OOD.uasset" 78
"../../../Engine/Content/EditorMaterials/Camera/CineMat.uasset" 79
"../../../Engine/Content/EditorMaterials/Camera/MI_CineMat_Rig.uasset" 80
"../../../Engine/Content/EditorMeshes/Camera/SM_CraneRig_Arm.uasset" 81
"../../../Engine/Content/EditorMeshes/Camera/SM_CraneRig_Base.uasset" 82
"../../../Engine/Content/EditorMeshes/Camera/SM_CraneRig_Body.uasset" 83
"../../../Engine/Content/EditorMeshes/Camera/SM_CraneRig_Mount.uasset" 84
"../../../Engine/Content/EditorMeshes/Camera/SM_RailRig_Mount.uasset" 85
"../../../Engine/Content/EditorMeshes/Camera/SM_RailRig_Track.uasset" 86
"../../../Engine/Content/EditorResources/BSPVertex.uasset" 87
"../../../Engine/Content/EditorResources/EmptyActor.uasset" 88
"../../../Engine/Content/EditorResources/S_Actor.uasset" 89
"../../../Engine/Content/EditorResources/S_Note.uasset" 90
"../../../Engine/Content/EditorResources/S_Solver.uasset" 91
"../../../Engine/Content/EditorResources/S_Trigger.uasset" 92
"../../../Engine/Content/EditorResources/LightIcons/S_LightError.uasset" 93
"../../../Engine/Content/EditorResources/SequenceRecorder/Countdown.uasset" 94
"../../../Engine/Content/EditorResources/SequenceRecorder/RecordingIndicator.uasset" 95
"../../../Engine/Content/EditorSounds/Notifications/CompileFailed.uasset" 96
"../../../Engine/Content/EditorSounds/Notifications/CompileFailed_Cue.uasset" 97
"../../../Engine/Content/EditorSounds/Notifications/CompileSuccess.uasset" 98
"../../../Engine/Content/EditorSounds/Notifications/CompileStart_Cue.uasset" 99
"../../../Engine/Content/EditorSounds/Notifications/CompileSuccess_Cue.uasset" 100
"../../../Engine/Content/EngineDamageTypes/DmgTypeBP_Environmental.uasset" 101
"../../../Engine/Content/EngineDebugMaterials/HeatmapGradient.uasset" 102
"../../../Engine/Content/EngineDebugMaterials/BoneWeightMaterial.uasset" 103
"../../../Engine/Content/EngineDebugMaterials/ClothMaterial.uasset" 104
"../../../Engine/Content/EngineDebugMaterials/ClothMaterial_WF.uasset" 105
"../../../Engine/Content/EngineDebugMaterials/DebugEditorMaterial.uasset" 106
"../../../Engine/Content/EngineDebugMaterials/DebugMeshMaterial.uasset" 107
"../../../Engine/Content/EngineDebugMaterials/GeomMaterial.uasset" 108
"../../../Engine/Content/EngineDebugMaterials/M_SimpleTranslucent.uasset" 109
"../../../Engine/Content/Functions/Engine_MaterialFunctions02/Utility/CameraDirectionVector.uasset" 110
"../../../Engine/Content/EngineDebugMaterials/VolumeToRender.uasset" 111
"../../../Engine/Content/EngineDebugMaterials/M_VolumeRenderSphereTracePP.uasset" 112
"../../../Engine/Content/EngineDebugMaterials/WireframeMaterial.uasset" 113
"../../../Engine/Content/EngineFonts/Faces/RobotoBold.uasset" 114
"../../../Engine/Content/EngineFonts/Faces/RobotoBoldItalic.uasset" 115
"../../../Engine/Content/EngineFonts/Faces/RobotoItalic.uasset" 116
"../../../Engine/Content/EngineFonts/Faces/RobotoLight.uasset" 117
"../../../Engine/Content/EngineFonts/Faces/RobotoRegular.uasset" 118
"../../../Engine/Content/EngineFonts/Roboto.uasset" 119
"../../../Engine/Content/EngineMaterials/BaseFlattenDiffuseMap.uasset" 120
"../../../Engine/Content/EngineMaterials/BaseFlattenEmissiveMap.uasset" 121
"../../../Engine/Content/EngineMaterials/BaseFlattenGrayscaleMap.uasset" 122
"../../../Engine/Content/EngineMaterials/BaseFlattenNormalMap.uasset" 123
"../../../Engine/Content/EngineMaterials/BaseFlattenMaterial.uasset" 124
"../../../Engine/Content/EngineMaterials/BlueNoise.uasset" 125
"../../../Engine/Content/EngineMaterials/DefaultBloomKernel.uasset" 126
"../../../Engine/Content/EngineMaterials/DefaultBokeh.uasset" 127
"../../../Engine/Content/EngineMaterials/DefaultDiffuse.uasset" 128
"../../../Engine/Content/EngineMaterials/DefaultDeferredDecalMaterial.uasset" 129
"../../../Engine/Content/EngineMaterials/DefaultLightFunctionMaterial.uasset" 130
"../../../Engine/Content/EngineMaterials/DefaultPhysicalMaterial.uasset" 131
"../../../Engine/Content/Functions/Engine_MaterialFunctions02/Utility/BreakOutFloat2Components.uasset" 132
"../../../Engine/Content/EngineMaterials/DefaultPostProcessMaterial.uasset" 133
"../../../Engine/Content/EngineFonts/RobotoDistanceField.uasset" 134
"../../../Engine/Content/EngineMaterials/DefaultTextMaterialOpaque.uasset" 135
"../../../Engine/Content/EngineMaterials/DefaultVirtualTextureMaterial.uasset" 136
"../../../Engine/Content/EngineMaterials/DefaultWhiteGrid.uasset" 137
"../../../Engine/Content/EngineMaterials/EditorBrushMaterial.uasset" 138
"../../../Engine/Content/EngineMaterials/DefaultWhiteGrid_Low.uasset" 139
"../../../Engine/Content/EngineMaterials/EmissiveMeshMaterial.uasset" 140
"../../../Engine/Content/EngineMaterials/Good64x64TilingNoiseHighFreq.uasset" 141
"../../../Engine/Content/EngineMaterials/MiniFont.uasset" 142
"../../../Engine/Content/EngineMaterials/InvalidLightmapSettings.uasset" 143
"../../../Engine/Content/EngineMaterials/M_InvalidLightmapSettings.uasset" 144
"../../../Engine/Content/Functions/Engine_MaterialFunctions02/WorldPositionOffset/CameraOffset.uasset" 145
"../../../Engine/Content/EngineMaterials/PhAT_JointLimitMaterial.uasset" 146
"../../../Engine/Content/EngineMaterials/PreintegratedSkinBRDF.uasset" 147
"../../../Engine/Content/EngineMaterials/RemoveSurfaceMaterial.uasset" 148
"../../../Engine/Content/EngineMaterials/WeightMapPlaceholderTexture.uasset" 149
"../../../Engine/Content/EngineResources/WhiteSquareTexture.uasset" 150
"../../../Engine/Content/EngineMaterials/Widget3DPassThrough.uasset" 151
"../../../Engine/Content/EngineMaterials/Widget3DPassThrough_Masked.uasset" 152
"../../../Engine/Content/EngineMaterials/Widget3DPassThrough_Opaque.uasset" 153
"../../../Engine/Content/EngineMaterials/Widget3DPassThrough_Masked_OneSided.uasset" 154
"../../../Engine/Content/EngineMaterials/Widget3DPassThrough_Opaque_OneSided.uasset" 155
"../../../Engine/Content/EngineMaterials/Widget3DPassThrough_Translucent.uasset" 156
"../../../Engine/Content/EngineMaterials/Widget3DPassThrough_Translucent_OneSided.uasset" 157
"../../../Engine/Content/EngineMeshes/Cylinder.uasset" 158
"../../../Engine/Content/EngineMeshes/Sphere.uasset" 159
"../../../Engine/Content/EngineResources/Black.uasset" 160
"../../../Engine/Content/EngineResources/DefaultTexture.uasset" 161
"../../../Engine/Content/EngineResources/DefaultTextureCube.uasset" 162
"../../../Engine/Content/EngineResources/DefaultVolumeTexture2D.uasset" 163
"../../../Engine/Content/EngineResources/DefaultVolumeTexture.uasset" 164
"../../../Engine/Content/EngineResources/GradientTexture0.uasset" 165
"../../../Engine/Content/EngineSounds/Master.uasset" 166
"../../../Engine/Content/Functions/Engine_MaterialFunctions01/Shading/ConvertFromDiffSpec.uasset" 167
"../../../Engine/Content/Functions/Engine_MaterialFunctions01/Shading/PowerToRoughness.uasset" 168
"../../../Engine/Content/Maps/Templates/Thumbnails/Default.uasset" 169
"../../../Engine/Content/Maps/Templates/Thumbnails/VR-Basic.uasset" 170
"../../../Engine/Content/MobileResources/T_MobileControls_texture.uasset" 171
"../../../Engine/Content/MobileResources/T_MobileMenu2.uasset" 172
"../../../Engine/Content/MobileResources/HUD/AnalogHat.uasset" 173
"../../../Engine/Content/MobileResources/HUD/VirtualJoystick_Background.uasset" 174
"../../../Engine/Content/MobileResources/HUD/VirtualJoystick_Thumb.uasset" 175
"../../../Engine/Content/MobileResources/HUD/DefaultVirtualJoysticks.uasset" 176
"../../../Engine/Content/MobileResources/HUD/LeftVirtualJoystickOnly.uasset" 177
"../../../Engine/Content/MobileResources/HUD/MobileHUDButton1_off.uasset" 178
"../../../Engine/Content/MobileResources/HUD/MobileHUDButton1_on.uasset" 179
"../../../Engine/Content/MobileResources/HUD/MobileHUDButton2_off.uasset" 180
"../../../Engine/Content/MobileResources/HUD/MobileHUDButton2_on.uasset" 181
"../../../Engine/Content/MobileResources/HUD/MobileHUDButton3.uasset" 182
"../../../Engine/Content/MobileResources/HUD/MobileHUDButtonFire.uasset" 183
"../../../Engine/Content/MobileResources/HUD/MobileHUDDirectionPad.uasset" 184
"../../../Engine/Content/MobileResources/HUD/MobileHUDDirectionPad2.uasset" 185
"../../../Engine/Content/MobileResources/HUD/MobileHUDDirectionPad3.uasset" 186
"../../../Engine/Content/MobileResources/HUD/MobileHUDDirectionStick.uasset" 187
"../../../Engine/Content/MobileResources/HUD/T_Castle_ThumbstickInner.uasset" 188
"../../../Engine/Content/MobileResources/HUD/T_Castle_ThumbstickOutter.uasset" 189
"../../../Engine/Content/Tutorial/ContentIntroCurve.uasset" 190
"../../../Engine/Content/Tutorial/Basics/LevelEditorAttract.uasset" 191
"../../../Engine/Content/Tutorial/Installation/InstallingVisualStudioTutorial.uasset" 192
"../../../Engine/Content/Tutorial/SubEditors/GettingSubstance.uasset" 193
"../../../Engine/Content/VREditor/LaserPointer/VR_LaserPower_01.uasset" 194
"../../../Engine/Content/VREditor/TransformGizmo/TransformGizmoMaterial.uasset" 195
"../../../Engine/Content/VREditor/TransformGizmo/TranslucentTransformGizmoMaterial.uasset" 196
"../../../Engine/Content/VREditor/TransformGizmo/BoundingBoxCorner.uasset" 197
"../../../Engine/Content/VREditor/TransformGizmo/BoundingBoxEdge.uasset" 198
"../../../Engine/Content/VREditor/TransformGizmo/PlaneTranslationHandle.uasset" 199
"../../../Engine/Content/VREditor/TransformGizmo/Main.uasset" 200
"../../../Engine/Content/VREditor/TransformGizmo/Xray.uasset" 201
"../../../Engine/Content/VREditor/TransformGizmo/SM_Sequencer_Key.uasset" 202
"../../../Engine/Content/VREditor/TransformGizmo/SM_Sequencer_Node.uasset" 203
"../../Plugins/2D/Paper2D/Content/PlaceholderTextures/DummySpriteTexture.uasset" 204
"../../Plugins/2D/Paper2D/Content/DummySprite.uasset" 205
"../../Plugins/2D/Paper2D/Content/DefaultPaperTerrainMaterial.uasset" 206
"../../Plugins/2D/Paper2D/Content/DummySpriteTexture.uasset" 207
"../../Plugins/2D/Paper2D/Content/DefaultSpriteMaterial.uasset" 208
"../../Plugins/2D/Paper2D/Content/MaskedUnlitSpriteMaterial.uasset" 209
"../../Plugins/2D/Paper2D/Content/OpaqueUnlitSpriteMaterial.uasset" 210
"../../Plugins/Runtime/Oculus/OculusVR/Content/OculusMR_RenderTarget.uasset" 211
"../../../Engine/Content/Functions/Engine_MaterialFunctions02/Utility/BreakOutFloat4Components.uasset" 212
"../../../Engine/Content/Functions/Engine_MaterialFunctions02/Utility/MakeFloat2.uasset" 213
"../../../Engine/Content/Functions/Engine_MaterialFunctions02/Utility/MakeFloat3.uasset" 214
"../../Plugins/Runtime/Oculus/OculusVR/Content/Materials/OculusMR_ChromaKey.uasset" 215
"../../Plugins/Runtime/Oculus/OculusVR/Content/Materials/OculusMR_ChromaKey_Lit.uasset" 216
"../../Plugins/Runtime/Oculus/OculusVR/Content/Materials/OculusMR_OpaqueColoredMaterial.uasset" 217
"../../Plugins/Runtime/Oculus/OculusVR/Content/Materials/OculusMR_WhiteMaterial.uasset" 218
"../../../../../TV/Content/FirstPersonBP/Blueprints/BP_CameraPawn.uasset" 219
"../../../../../TV/Content/Mesh/maxresdefault.uasset" 220
"../../../../../TV/Content/Mesh/maxresdefault_Mat.uasset" 221
"../../../Engine/Content/BasicShapes/Plane.uasset" 222
"../../../../../TV/Content/Mesh/Material__109.uasset" 223
"../../../../../TV/Content/Mesh/Material__133.uasset" 224
"../../../../../TV/Content/Mesh/Material__145.uasset" 225
"../../../../../TV/Content/Mesh/Material__147.uasset" 226
"../../../../../TV/Content/Mesh/Material__148.uasset" 227
"../../../../../TV/Content/Mesh/Material__149.uasset" 228
"../../../../../TV/Content/Mesh/Material__25.uasset" 229
"../../../../../TV/Content/Mesh/Material__39.uasset" 230
"../../../../../TV/Content/Mesh/Material__40.uasset" 231
"../../../../../TV/Content/Mesh/Smart_LED_TV_PhysicsAsset.uasset" 232
"../../../../../TV/Content/Mesh/Smart_LED_TV_Skeleton.uasset" 233
"../../../../../TV/Content/Mesh/Smart_LED_TV.uasset" 234
"../../../../../TV/Content/Pear_Shape_Diamond_Base_01.uasset" 235
"../../../../../TV/Content/Pear_Shape_Diamond_Base_02.uasset" 236
"../../../../../TV/Content/Pear_Shape_Diamond_Base_03.uasset" 237
"../../../../../TV/Content/Blueprints/Diamond.uasset" 238
"../../../../../TV/Content/FirstPersonBP/Blueprints/NewBlueprint.uasset" 239
"../../../../../TV/Content/TV_BuiltData.uasset" 240
"../../../../../TV/Content/Meshes/NewMaterial1.uasset" 241
"../../../../../TV/Content/Sphere.uasset" 242
"../../../../../TV/Content/TV.umap" 243
"../../../../../TV/Content/FirstPersonBP/Maps/Diamond_BuiltData.uasset" 244
"../../../../../TV/Content/FirstPersonBP/Maps/Diamond.umap" 245
"../../../Engine/Content/EngineSky/C_Sky_Cloud_Color.uasset" 246
"../../../Engine/Content/EngineSky/C_Sky_Horizon_Color.uasset" 247
"../../../Engine/Content/EngineSky/C_Sky_Zenith_Color.uasset" 248
"../../../Engine/Content/EngineSky/T_Sky_Blue.uasset" 249
"../../../Engine/Content/EngineSky/T_Sky_Clouds_M.uasset" 250
"../../../Engine/Content/EngineSky/T_Sky_Stars.uasset" 251
"../../../Engine/Content/EngineSky/M_Sky_Panning_Clouds2.uasset" 252
"../../../Engine/Content/EngineSky/SM_SkySphere.uasset" 253
"../../../Engine/Content/EngineSky/BP_Sky_Sphere.uasset" 254
"../../../../../TV/Content/FirstPersonBP/Maps/FirstPersonExampleMap_BuiltData.uasset" 255
"../../../Engine/Content/Functions/Engine_MaterialFunctions03/Procedurals/ComputeFilterWidth.uasset" 256
"../../../Engine/Content/EngineMaterials/AntiAliasedTextMaterialTranslucent.uasset" 257
"../../../../../TV/Content/Geometry/Meshes/CubeMaterial.uasset" 258
"../../../../../TV/Content/Geometry/Meshes/1M_Cube.uasset" 259
"../../../../../TV/Content/FirstPersonBP/Maps/FirstPersonExampleMap.umap" 260
"../../../Engine/Content/Maps/Entry_BuiltData.uasset" 261
"../../../Engine/Content/Maps/Entry.umap" 262
